<?xml version="1.0" encoding="UTF-8"?>
<!-- Generated by org.testng.reporters.JUnitReportReporter -->
<testsuite hostname="BLRKEC254337D" name="ExectableClass.SOFT_HARD_Login_And_Logout" tests="1" failures="1" timestamp="22 Nov 2018 11:40:23 GMT" time="74.738" errors="0">
  <testcase name="TC001_SoftLogin_Phone_And_Zip_login" time="74.738" classname="ExectableClass.SOFT_HARD_Login_And_Logout">
    <failure type="java.lang.AssertionError" message="Error in Digital coupons page">
      <![CDATA[java.lang.AssertionError: Error in Digital coupons page
	at org.testng.Assert.fail(Assert.java:94)
	at computedClass.Computed_Digital_Coupons.Loggedin_Coupons_Homepage(Computed_Digital_Coupons.java:376)
	at ExectableClass.SOFT_HARD_Login_And_Logout.TC001_SoftLogin_Phone_And_Zip_login(SOFT_HARD_Login_And_Logout.java:36)
	at sun.reflect.NativeMethodAccessorImpl.invoke0(Native Method)
	at sun.reflect.NativeMethodAccessorImpl.invoke(Unknown Source)
	at sun.reflect.DelegatingMethodAccessorImpl.invoke(Unknown Source)
	at java.lang.reflect.Method.invoke(Unknown Source)
	at org.testng.internal.MethodInvocationHelper.invokeMethod(MethodInvocationHelper.java:85)
	at org.testng.internal.Invoker.invokeMethod(Invoker.java:639)
	at org.testng.internal.Invoker.invokeTestMethod(Invoker.java:816)
	at org.testng.internal.Invoker.invokeTestMethods(Invoker.java:1124)
	at org.testng.internal.TestMethodWorker.invokeTestMethods(TestMethodWorker.java:125)
	at org.testng.internal.TestMethodWorker.run(TestMethodWorker.java:108)
	at org.testng.TestRunner.privateRun(TestRunner.java:774)
	at org.testng.TestRunner.run(TestRunner.java:624)
	at org.testng.SuiteRunner.runTest(SuiteRunner.java:359)
	at org.testng.SuiteRunner.runSequentially(SuiteRunner.java:354)
	at org.testng.SuiteRunner.privateRun(SuiteRunner.java:312)
	at org.testng.SuiteRunner.run(SuiteRunner.java:261)
	at org.testng.SuiteRunnerWorker.runSuite(SuiteRunnerWorker.java:52)
	at org.testng.SuiteRunnerWorker.run(SuiteRunnerWorker.java:86)
	at org.testng.TestNG.runSuitesSequentially(TestNG.java:1215)
	at org.testng.TestNG.runSuitesLocally(TestNG.java:1140)
	at org.testng.TestNG.run(TestNG.java:1048)
	at org.testng.remote.AbstractRemoteTestNG.run(AbstractRemoteTestNG.java:126)
	at org.testng.remote.RemoteTestNG.initAndRun(RemoteTestNG.java:150)
	at org.testng.remote.RemoteTestNG.main(RemoteTestNG.java:58)
]]>
    </failure>
  </testcase> <!-- TC001_SoftLogin_Phone_And_Zip_login -->
</testsuite> <!-- ExectableClass.SOFT_HARD_Login_And_Logout -->
