<html>
<head>
<title>TestNG:  SoftLogin__Chrome</title>
<link href="../testng.css" rel="stylesheet" type="text/css" />
<link href="../my-testng.css" rel="stylesheet" type="text/css" />

<style type="text/css">
.log { display: none;} 
.stack-trace { display: none;} 
</style>
<script type="text/javascript">
<!--
function flip(e) {
  current = e.style.display;
  if (current == 'block') {
    e.style.display = 'none';
    return 0;
  }
  else {
    e.style.display = 'block';
    return 1;
  }
}

function toggleBox(szDivId, elem, msg1, msg2)
{
  var res = -1;  if (document.getElementById) {
    res = flip(document.getElementById(szDivId));
  }
  else if (document.all) {
    // this is the way old msie versions work
    res = flip(document.all[szDivId]);
  }
  if(elem) {
    if(res == 0) elem.innerHTML = msg1; else elem.innerHTML = msg2;
  }

}

function toggleAllBoxes() {
  if (document.getElementsByTagName) {
    d = document.getElementsByTagName('div');
    for (i = 0; i < d.length; i++) {
      if (d[i].className == 'log') {
        flip(d[i]);
      }
    }
  }
}

// -->
</script>

</head>
<body>
<h2 align='center'>SoftLogin__Chrome</h2><table border='1' align="center">
<tr>
<td>Tests passed/Failed/Skipped:</td><td>1/2/0</td>
</tr><tr>
<td>Started on:</td><td>Thu Dec 20 15:39:16 IST 2018</td>
</tr>
<tr><td>Total time:</td><td>306 seconds (306130 ms)</td>
</tr><tr>
<td>Included groups:</td><td></td>
</tr><tr>
<td>Excluded groups:</td><td></td>
</tr>
</table><p/>
<small><i>(Hover the method name to see the test class name)</i></small><p/>
<table width='100%' border='1' class='invocation-failed'>
<tr><td colspan='4' align='center'><b>FAILED TESTS</b></td></tr>
<tr><td><b>Test method</b></td>
<td width="30%"><b>Exception</b></td>
<td width="10%"><b>Time (seconds)</b></td>
<td><b>Instance</b></td>
</tr>
<tr>
<td title='executableClass.SoftLogin.TC001_SoftLogin_Phone_And_Zip_login()'><b>TC001_SoftLogin_Phone_And_Zip_login</b><br>Test class: executableClass.SoftLogin<br/>
<a href="#Output-261650860" onClick='toggleBox("Output-261650860", this, "Show output", "Hide output");'>Show output</a>

<a href="#Output-261650860" onClick="toggleAllBoxes();">Show all outputs</a>
<div class='log' id="Output-261650860">
Logged in successfully using SoftLogin<br/>
waiting for element<br/>
</div>
</td>
<td><div><pre>java.lang.AssertionError: Error in personalised offers page
	at computedClass.Computed_Personalisedoffers.Loggedin_Personalisedoffers(Computed_Personalisedoffers.java:109)
	at executableClass.SoftLogin.TC001_SoftLogin_Phone_And_Zip_login(SoftLogin.java:46)
... Removed 26 stack frames</pre></div><a href='#' onClick='toggleBox("stack-trace261650860", this, "Click to show all stack frames", "Click to hide stack frames")'>Click to show all stack frames</a>
<div class='stack-trace' id='stack-trace261650860'><pre>java.lang.AssertionError: Error in personalised offers page
	at org.testng.Assert.fail(Assert.java:94)
	at computedClass.Computed_Personalisedoffers.Loggedin_Personalisedoffers(Computed_Personalisedoffers.java:109)
	at executableClass.SoftLogin.TC001_SoftLogin_Phone_And_Zip_login(SoftLogin.java:46)
	at sun.reflect.NativeMethodAccessorImpl.invoke0(Native Method)
	at sun.reflect.NativeMethodAccessorImpl.invoke(Unknown Source)
	at sun.reflect.DelegatingMethodAccessorImpl.invoke(Unknown Source)
	at java.lang.reflect.Method.invoke(Unknown Source)
	at org.testng.internal.MethodInvocationHelper.invokeMethod(MethodInvocationHelper.java:100)
	at org.testng.internal.Invoker.invokeMethod(Invoker.java:646)
	at org.testng.internal.Invoker.invokeTestMethod(Invoker.java:811)
	at org.testng.internal.Invoker.invokeTestMethods(Invoker.java:1129)
	at org.testng.internal.TestMethodWorker.invokeTestMethods(TestMethodWorker.java:129)
	at org.testng.internal.TestMethodWorker.run(TestMethodWorker.java:112)
	at org.testng.TestRunner.privateRun(TestRunner.java:746)
	at org.testng.TestRunner.run(TestRunner.java:600)
	at org.testng.SuiteRunner.runTest(SuiteRunner.java:366)
	at org.testng.SuiteRunner.runSequentially(SuiteRunner.java:361)
	at org.testng.SuiteRunner.privateRun(SuiteRunner.java:319)
	at org.testng.SuiteRunner.run(SuiteRunner.java:268)
	at org.testng.SuiteRunnerWorker.runSuite(SuiteRunnerWorker.java:52)
	at org.testng.SuiteRunnerWorker.run(SuiteRunnerWorker.java:86)
	at org.testng.TestNG.runSuitesSequentially(TestNG.java:1264)
	at org.testng.TestNG.runSuitesLocally(TestNG.java:1189)
	at org.testng.TestNG.runSuites(TestNG.java:1104)
	at org.testng.TestNG.run(TestNG.java:1076)
	at org.testng.remote.AbstractRemoteTestNG.run(AbstractRemoteTestNG.java:126)
	at org.testng.remote.RemoteTestNG.initAndRun(RemoteTestNG.java:150)
	at org.testng.remote.RemoteTestNG.main(RemoteTestNG.java:58)
</pre></div></td>
<td>94</td>
<td>executableClass.SoftLogin@402a079c</td></tr>
<tr>
<td title='executableClass.SoftLogin.TC003_SoftLogin_loggedout_user()'><b>TC003_SoftLogin_loggedout_user</b><br>Test class: executableClass.SoftLogin</td>
<td><div><pre>java.lang.AssertionError: Error in Digital coupons page
	at computedClass.Computed_Digital_Coupons.Loggedout_Coupons_Homepage(Computed_Digital_Coupons.java:196)
	at executableClass.SoftLogin.TC003_SoftLogin_loggedout_user(SoftLogin.java:80)
... Removed 26 stack frames</pre></div><a href='#' onClick='toggleBox("stack-trace963768574", this, "Click to show all stack frames", "Click to hide stack frames")'>Click to show all stack frames</a>
<div class='stack-trace' id='stack-trace963768574'><pre>java.lang.AssertionError: Error in Digital coupons page
	at org.testng.Assert.fail(Assert.java:94)
	at computedClass.Computed_Digital_Coupons.Loggedout_Coupons_Homepage(Computed_Digital_Coupons.java:196)
	at executableClass.SoftLogin.TC003_SoftLogin_loggedout_user(SoftLogin.java:80)
	at sun.reflect.NativeMethodAccessorImpl.invoke0(Native Method)
	at sun.reflect.NativeMethodAccessorImpl.invoke(Unknown Source)
	at sun.reflect.DelegatingMethodAccessorImpl.invoke(Unknown Source)
	at java.lang.reflect.Method.invoke(Unknown Source)
	at org.testng.internal.MethodInvocationHelper.invokeMethod(MethodInvocationHelper.java:100)
	at org.testng.internal.Invoker.invokeMethod(Invoker.java:646)
	at org.testng.internal.Invoker.invokeTestMethod(Invoker.java:811)
	at org.testng.internal.Invoker.invokeTestMethods(Invoker.java:1129)
	at org.testng.internal.TestMethodWorker.invokeTestMethods(TestMethodWorker.java:129)
	at org.testng.internal.TestMethodWorker.run(TestMethodWorker.java:112)
	at org.testng.TestRunner.privateRun(TestRunner.java:746)
	at org.testng.TestRunner.run(TestRunner.java:600)
	at org.testng.SuiteRunner.runTest(SuiteRunner.java:366)
	at org.testng.SuiteRunner.runSequentially(SuiteRunner.java:361)
	at org.testng.SuiteRunner.privateRun(SuiteRunner.java:319)
	at org.testng.SuiteRunner.run(SuiteRunner.java:268)
	at org.testng.SuiteRunnerWorker.runSuite(SuiteRunnerWorker.java:52)
	at org.testng.SuiteRunnerWorker.run(SuiteRunnerWorker.java:86)
	at org.testng.TestNG.runSuitesSequentially(TestNG.java:1264)
	at org.testng.TestNG.runSuitesLocally(TestNG.java:1189)
	at org.testng.TestNG.runSuites(TestNG.java:1104)
	at org.testng.TestNG.run(TestNG.java:1076)
	at org.testng.remote.AbstractRemoteTestNG.run(AbstractRemoteTestNG.java:126)
	at org.testng.remote.RemoteTestNG.initAndRun(RemoteTestNG.java:150)
	at org.testng.remote.RemoteTestNG.main(RemoteTestNG.java:58)
</pre></div></td>
<td>143</td>
<td>executableClass.SoftLogin@402a079c</td></tr>
</table><p>
<table width='100%' border='1' class='invocation-passed'>
<tr><td colspan='4' align='center'><b>PASSED TESTS</b></td></tr>
<tr><td><b>Test method</b></td>
<td width="30%"><b>Exception</b></td>
<td width="10%"><b>Time (seconds)</b></td>
<td><b>Instance</b></td>
</tr>
<tr>
<td title='executableClass.SoftLogin.TC002_SoftLogin_unable_to_view_account()'><b>TC002_SoftLogin_unable_to_view_account</b><br>Test class: executableClass.SoftLogin<br/>
<a href="#Output-1299145277" onClick='toggleBox("Output-1299145277", this, "Show output", "Hide output");'>Show output</a>

<a href="#Output-1299145277" onClick="toggleAllBoxes();">Show all outputs</a>
<div class='log' id="Output-1299145277">
Logged in successfully using SoftLogin<br/>
Hard login window is displayed by clicking on My Account<br/>
</div>
</td>
<td></td>
<td>67</td>
<td>executableClass.SoftLogin@402a079c</td></tr>
</table><p>
</body>
</html>