<html>
<head>
<title>TestNG:  Static_Infobar_loggedin_Users__Chrome</title>
<link href="../testng.css" rel="stylesheet" type="text/css" />
<link href="../my-testng.css" rel="stylesheet" type="text/css" />

<style type="text/css">
.log { display: none;} 
.stack-trace { display: none;} 
</style>
<script type="text/javascript">
<!--
function flip(e) {
  current = e.style.display;
  if (current == 'block') {
    e.style.display = 'none';
    return 0;
  }
  else {
    e.style.display = 'block';
    return 1;
  }
}

function toggleBox(szDivId, elem, msg1, msg2)
{
  var res = -1;  if (document.getElementById) {
    res = flip(document.getElementById(szDivId));
  }
  else if (document.all) {
    // this is the way old msie versions work
    res = flip(document.all[szDivId]);
  }
  if(elem) {
    if(res == 0) elem.innerHTML = msg1; else elem.innerHTML = msg2;
  }

}

function toggleAllBoxes() {
  if (document.getElementsByTagName) {
    d = document.getElementsByTagName('div');
    for (i = 0; i < d.length; i++) {
      if (d[i].className == 'log') {
        flip(d[i]);
      }
    }
  }
}

// -->
</script>

</head>
<body>
<h2 align='center'>Static_Infobar_loggedin_Users__Chrome</h2><table border='1' align="center">
<tr>
<td>Tests passed/Failed/Skipped:</td><td>4/1/0</td>
</tr><tr>
<td>Started on:</td><td>Thu Dec 06 17:53:07 IST 2018</td>
</tr>
<tr><td>Total time:</td><td>948 seconds (948210 ms)</td>
</tr><tr>
<td>Included groups:</td><td></td>
</tr><tr>
<td>Excluded groups:</td><td></td>
</tr>
</table><p/>
<small><i>(Hover the method name to see the test class name)</i></small><p/>
<table width='100%' border='1' class='invocation-failed'>
<tr><td colspan='4' align='center'><b>FAILED TESTS</b></td></tr>
<tr><td><b>Test method</b></td>
<td width="30%"><b>Exception</b></td>
<td width="10%"><b>Time (seconds)</b></td>
<td><b>Instance</b></td>
</tr>
<tr>
<td title='executableClass.Static_Infobar_loggedin_Users.TC003_Staticbar_Hard_login_links_navigation_Account_setting_page()'><b>TC003_Staticbar_Hard_login_links_navigation_Account_setting_page</b><br>Test class: executableClass.Static_Infobar_loggedin_Users<br/>
<a href="#Output-443502884" onClick='toggleBox("Output-443502884", this, "Show output", "Hide output");'>Show output</a>

<a href="#Output-443502884" onClick="toggleAllBoxes();">Show all outputs</a>
<div class='log' id="Output-443502884">
Logged in successfully using SoftLogin<br/>
Hardlogin successful from my account page<br/>
</div>
</td>
<td><div><pre>org.openqa.selenium.WebDriverException: unknown error: Element &lt;img src=&quot;/-/media/media/common framework media/logos/winndixie_logo.png?la=en&amp;amp;mw=1382&quot; alt=&quot;Winn-Dixie logo&quot; width=&quot;260&quot; height=&quot;39&quot;&gt; is not clickable at point (213, 49). Other element would receive the click: &lt;div class=&quot;SEGHardLoginModal modal in&quot; tabindex=&quot;-1&quot; id=&quot;SEGHardLoginModal&quot; data-backdrop=&quot;true&quot; role=&quot;dialog&quot; aria-described=&quot;Login form&quot; style=&quot;display: block;&quot;&gt;...&lt;/div&gt;
  (Session info: chrome=70.0.3538.110)
  (Driver info: chromedriver=2.44.609538 (b655c5a60b0b544917107a59d4153d4bf78e1b90),platform=Windows NT 10.0.14393 x86_64) (WARNING: The server did not provide any stacktrace information)
Command duration or timeout: 52 milliseconds
Build info: version: &apos;unknown&apos;, revision: &apos;unknown&apos;, time: &apos;unknown&apos;
System info: host: &apos;VDI-HDQ-0027&apos;, ip: &apos;10.211.4.91&apos;, os.name: &apos;Windows 8.1&apos;, os.arch: &apos;amd64&apos;, os.version: &apos;6.3&apos;, java.version: &apos;1.8.0_45&apos;
Driver info: org.openqa.selenium.chrome.ChromeDriver
Capabilities [{mobileEmulationEnabled=false, hasTouchScreen=false, platform=WIN8_1, acceptSslCerts=false, goog:chromeOptions={debuggerAddress=localhost:51346}, acceptInsecureCerts=false, webStorageEnabled=true, browserName=chrome, takesScreenshot=true, javascriptEnabled=true, setWindowRect=true, unexpectedAlertBehaviour=ignore, applicationCacheEnabled=false, rotatable=false, networkConnectionEnabled=false, chrome={chromedriverVersion=2.44.609538 (b655c5a60b0b544917107a59d4153d4bf78e1b90), userDataDir=C:\Users\ragunk\AppData\Local\Temp\scoped_dir7212_14981}, takesHeapSnapshot=true, pageLoadStrategy=normal, databaseEnabled=false, handlesAlerts=true, version=70.0.3538.110, browserConnectionEnabled=false, nativeEvents=true, locationContextEnabled=true, cssSelectorsEnabled=true}]
Session ID: 60701cc4ff3960539373d93c3021cea5
	at org.openqa.selenium.remote.ErrorHandler.createThrowable(ErrorHandler.java:216)
	at org.openqa.selenium.remote.ErrorHandler.throwIfResponseFailed(ErrorHandler.java:168)
	at org.openqa.selenium.remote.RemoteWebDriver.execute(RemoteWebDriver.java:635)
	at org.openqa.selenium.remote.RemoteWebElement.execute(RemoteWebElement.java:274)
	at org.openqa.selenium.remote.RemoteWebElement.click(RemoteWebElement.java:84)
	at org.openqa.selenium.support.pagefactory.internal.LocatingElementHandler.invoke(LocatingElementHandler.java:51)
	at com.sun.proxy.$Proxy5.click(Unknown Source)
	at computedClass.Computed_MyStore.SetStore(Computed_MyStore.java:45)
	at executableClass.Static_Infobar_loggedin_Users.TC003_Staticbar_Hard_login_links_navigation_Account_setting_page(Static_Infobar_loggedin_Users.java:74)
... Removed 32 stack frames</pre></div><a href='#' onClick='toggleBox("stack-trace443502884", this, "Click to show all stack frames", "Click to hide stack frames")'>Click to show all stack frames</a>
<div class='stack-trace' id='stack-trace443502884'><pre>org.openqa.selenium.WebDriverException: unknown error: Element &lt;img src=&quot;/-/media/media/common framework media/logos/winndixie_logo.png?la=en&amp;amp;mw=1382&quot; alt=&quot;Winn-Dixie logo&quot; width=&quot;260&quot; height=&quot;39&quot;&gt; is not clickable at point (213, 49). Other element would receive the click: &lt;div class=&quot;SEGHardLoginModal modal in&quot; tabindex=&quot;-1&quot; id=&quot;SEGHardLoginModal&quot; data-backdrop=&quot;true&quot; role=&quot;dialog&quot; aria-described=&quot;Login form&quot; style=&quot;display: block;&quot;&gt;...&lt;/div&gt;
  (Session info: chrome=70.0.3538.110)
  (Driver info: chromedriver=2.44.609538 (b655c5a60b0b544917107a59d4153d4bf78e1b90),platform=Windows NT 10.0.14393 x86_64) (WARNING: The server did not provide any stacktrace information)
Command duration or timeout: 52 milliseconds
Build info: version: &apos;unknown&apos;, revision: &apos;unknown&apos;, time: &apos;unknown&apos;
System info: host: &apos;VDI-HDQ-0027&apos;, ip: &apos;10.211.4.91&apos;, os.name: &apos;Windows 8.1&apos;, os.arch: &apos;amd64&apos;, os.version: &apos;6.3&apos;, java.version: &apos;1.8.0_45&apos;
Driver info: org.openqa.selenium.chrome.ChromeDriver
Capabilities [{mobileEmulationEnabled=false, hasTouchScreen=false, platform=WIN8_1, acceptSslCerts=false, goog:chromeOptions={debuggerAddress=localhost:51346}, acceptInsecureCerts=false, webStorageEnabled=true, browserName=chrome, takesScreenshot=true, javascriptEnabled=true, setWindowRect=true, unexpectedAlertBehaviour=ignore, applicationCacheEnabled=false, rotatable=false, networkConnectionEnabled=false, chrome={chromedriverVersion=2.44.609538 (b655c5a60b0b544917107a59d4153d4bf78e1b90), userDataDir=C:\Users\ragunk\AppData\Local\Temp\scoped_dir7212_14981}, takesHeapSnapshot=true, pageLoadStrategy=normal, databaseEnabled=false, handlesAlerts=true, version=70.0.3538.110, browserConnectionEnabled=false, nativeEvents=true, locationContextEnabled=true, cssSelectorsEnabled=true}]
Session ID: 60701cc4ff3960539373d93c3021cea5
	at sun.reflect.NativeConstructorAccessorImpl.newInstance0(Native Method)
	at sun.reflect.NativeConstructorAccessorImpl.newInstance(Unknown Source)
	at sun.reflect.DelegatingConstructorAccessorImpl.newInstance(Unknown Source)
	at java.lang.reflect.Constructor.newInstance(Unknown Source)
	at org.openqa.selenium.remote.ErrorHandler.createThrowable(ErrorHandler.java:216)
	at org.openqa.selenium.remote.ErrorHandler.throwIfResponseFailed(ErrorHandler.java:168)
	at org.openqa.selenium.remote.RemoteWebDriver.execute(RemoteWebDriver.java:635)
	at org.openqa.selenium.remote.RemoteWebElement.execute(RemoteWebElement.java:274)
	at org.openqa.selenium.remote.RemoteWebElement.click(RemoteWebElement.java:84)
	at sun.reflect.GeneratedMethodAccessor3.invoke(Unknown Source)
	at sun.reflect.DelegatingMethodAccessorImpl.invoke(Unknown Source)
	at java.lang.reflect.Method.invoke(Unknown Source)
	at org.openqa.selenium.support.pagefactory.internal.LocatingElementHandler.invoke(LocatingElementHandler.java:51)
	at com.sun.proxy.$Proxy5.click(Unknown Source)
	at computedClass.Computed_MyStore.SetStore(Computed_MyStore.java:45)
	at executableClass.Static_Infobar_loggedin_Users.TC003_Staticbar_Hard_login_links_navigation_Account_setting_page(Static_Infobar_loggedin_Users.java:74)
	at sun.reflect.NativeMethodAccessorImpl.invoke0(Native Method)
	at sun.reflect.NativeMethodAccessorImpl.invoke(Unknown Source)
	at sun.reflect.DelegatingMethodAccessorImpl.invoke(Unknown Source)
	at java.lang.reflect.Method.invoke(Unknown Source)
	at org.testng.internal.MethodInvocationHelper.invokeMethod(MethodInvocationHelper.java:100)
	at org.testng.internal.Invoker.invokeMethod(Invoker.java:646)
	at org.testng.internal.Invoker.invokeTestMethod(Invoker.java:811)
	at org.testng.internal.Invoker.invokeTestMethods(Invoker.java:1129)
	at org.testng.internal.TestMethodWorker.invokeTestMethods(TestMethodWorker.java:129)
	at org.testng.internal.TestMethodWorker.run(TestMethodWorker.java:112)
	at org.testng.TestRunner.privateRun(TestRunner.java:746)
	at org.testng.TestRunner.run(TestRunner.java:600)
	at org.testng.SuiteRunner.runTest(SuiteRunner.java:366)
	at org.testng.SuiteRunner.runSequentially(SuiteRunner.java:361)
	at org.testng.SuiteRunner.privateRun(SuiteRunner.java:319)
	at org.testng.SuiteRunner.run(SuiteRunner.java:268)
	at org.testng.SuiteRunnerWorker.runSuite(SuiteRunnerWorker.java:52)
	at org.testng.SuiteRunnerWorker.run(SuiteRunnerWorker.java:86)
	at org.testng.TestNG.runSuitesSequentially(TestNG.java:1264)
	at org.testng.TestNG.runSuitesLocally(TestNG.java:1189)
	at org.testng.TestNG.runSuites(TestNG.java:1104)
	at org.testng.TestNG.run(TestNG.java:1076)
	at org.testng.remote.AbstractRemoteTestNG.run(AbstractRemoteTestNG.java:126)
	at org.testng.remote.RemoteTestNG.initAndRun(RemoteTestNG.java:150)
	at org.testng.remote.RemoteTestNG.main(RemoteTestNG.java:58)
</pre></div></td>
<td>101</td>
<td>executableClass.Static_Infobar_loggedin_Users@1ed4004b</td></tr>
</table><p>
<table width='100%' border='1' class='invocation-passed'>
<tr><td colspan='4' align='center'><b>PASSED TESTS</b></td></tr>
<tr><td><b>Test method</b></td>
<td width="30%"><b>Exception</b></td>
<td width="10%"><b>Time (seconds)</b></td>
<td><b>Instance</b></td>
</tr>
<tr>
<td title='executableClass.Static_Infobar_loggedin_Users.TC001_Staticbar_links_Hardlogin()'><b>TC001_Staticbar_links_Hardlogin</b><br>Test class: executableClass.Static_Infobar_loggedin_Users<br/>
<a href="#Output-1430199669" onClick='toggleBox("Output-1430199669", this, "Show output", "Hide output");'>Show output</a>

<a href="#Output-1430199669" onClick="toggleAllBoxes();">Show all outputs</a>
<div class='log' id="Output-1430199669">
Reward points are equal :255<br/>
My Account page is displayed for hardlogin user by clicking on My Account static info bar<br/>
</div>
</td>
<td></td>
<td>191</td>
<td>executableClass.Static_Infobar_loggedin_Users@1ed4004b</td></tr>
<tr>
<td title='executableClass.Static_Infobar_loggedin_Users.TC002_Staticbar_Hardlogin_links_navigation_Homepage()'><b>TC002_Staticbar_Hardlogin_links_navigation_Homepage</b><br>Test class: executableClass.Static_Infobar_loggedin_Users<br/>
<a href="#Output-15094126" onClick='toggleBox("Output-15094126", this, "Show output", "Hide output");'>Show output</a>

<a href="#Output-15094126" onClick="toggleAllBoxes();">Show all outputs</a>
<div class='log' id="Output-15094126">
Reward points are equal :255<br/>
My Account page is displayed for hardlogin user by clicking on My Account static info bar<br/>
</div>
</td>
<td></td>
<td>159</td>
<td>executableClass.Static_Infobar_loggedin_Users@1ed4004b</td></tr>
<tr>
<td title='executableClass.Static_Infobar_loggedin_Users.TC004_Staticbar_links_Softlogin()'><b>TC004_Staticbar_links_Softlogin</b><br>Test class: executableClass.Static_Infobar_loggedin_Users<br/>
<a href="#Output-1229184766" onClick='toggleBox("Output-1229184766", this, "Show output", "Hide output");'>Show output</a>

<a href="#Output-1229184766" onClick="toggleAllBoxes();">Show all outputs</a>
<div class='log' id="Output-1229184766">
Logged in successfully using SoftLogin<br/>
Reward points are equal :255<br/>
Hard login window is displayed by clicking on My Account<br/>
</div>
</td>
<td></td>
<td>249</td>
<td>executableClass.Static_Infobar_loggedin_Users@1ed4004b</td></tr>
<tr>
<td title='executableClass.Static_Infobar_loggedin_Users.TC005_Staticbar_Softlogin_links_navigation_Homepage()'><b>TC005_Staticbar_Softlogin_links_navigation_Homepage</b><br>Test class: executableClass.Static_Infobar_loggedin_Users<br/>
<a href="#Output-763236610" onClick='toggleBox("Output-763236610", this, "Show output", "Hide output");'>Show output</a>

<a href="#Output-763236610" onClick="toggleAllBoxes();">Show all outputs</a>
<div class='log' id="Output-763236610">
Logged in successfully using SoftLogin<br/>
Reward points are equal :255<br/>
Hard login window is displayed by clicking on My Account<br/>
</div>
</td>
<td></td>
<td>245</td>
<td>executableClass.Static_Infobar_loggedin_Users@1ed4004b</td></tr>
</table><p>
</body>
</html>