<?xml version="1.0" encoding="UTF-8"?>
<!-- Generated by org.testng.reporters.JUnitXMLReporter -->
<testsuite hostname="VDI-HDQ-0027" name="Static_Infobar_loggedin_Users__Chrome" tests="5" failures="1" timestamp="6 Dec 2018 12:38:55 GMT" time="948.21" errors="0">
  <testcase name="TC001_Staticbar_links_Hardlogin" time="191.976" classname="executableClass.Static_Infobar_loggedin_Users"/>
  <testcase name="TC002_Staticbar_Hardlogin_links_navigation_Homepage" time="159.462" classname="executableClass.Static_Infobar_loggedin_Users"/>
  <testcase name="TC003_Staticbar_Hard_login_links_navigation_Account_setting_page" time="101.984" classname="executableClass.Static_Infobar_loggedin_Users">
    <failure type="org.openqa.selenium.WebDriverException" message="unknown error: Element &amp;lt;img src=&amp;quot;/-/media/media/common framework media/logos/winndixie_logo.png?la=en&amp;amp;amp;mw=1382&amp;quot; alt=&amp;quot;Winn-Dixie logo&amp;quot; width=&amp;quot;260&amp;quot; height=&amp;quot;39&amp;quot;&amp;gt; is not clickable at point (213, 49). Other element would receive the click: &amp;lt;div class=&amp;quot;SEGHardLoginModal modal in&amp;quot; tabindex=&amp;quot;-1&amp;quot; id=&amp;quot;SEGHardLoginModal&amp;quot; data-backdrop=&amp;quot;true&amp;quot; role=&amp;quot;dialog&amp;quot; aria-described=&amp;quot;Login form&amp;quot; style=&amp;quot;display: block;&amp;quot;&amp;gt;...&amp;lt;/div&amp;gt;
  (Session info: chrome=70.0.3538.110)
  (Driver info: chromedriver=2.44.609538 (b655c5a60b0b544917107a59d4153d4bf78e1b90),platform=Windows NT 10.0.14393 x86_64) (WARNING: The server did not provide any stacktrace information)
Command duration or timeout: 52 milliseconds
Build info: version: &amp;apos;unknown&amp;apos;, revision: &amp;apos;unknown&amp;apos;, time: &amp;apos;unknown&amp;apos;
System info: host: &amp;apos;VDI-HDQ-0027&amp;apos;, ip: &amp;apos;10.211.4.91&amp;apos;, os.name: &amp;apos;Windows 8.1&amp;apos;, os.arch: &amp;apos;amd64&amp;apos;, os.version: &amp;apos;6.3&amp;apos;, java.version: &amp;apos;1.8.0_45&amp;apos;
Driver info: org.openqa.selenium.chrome.ChromeDriver
Capabilities [{mobileEmulationEnabled=false, hasTouchScreen=false, platform=WIN8_1, acceptSslCerts=false, goog:chromeOptions={debuggerAddress=localhost:51346}, acceptInsecureCerts=false, webStorageEnabled=true, browserName=chrome, takesScreenshot=true, javascriptEnabled=true, setWindowRect=true, unexpectedAlertBehaviour=ignore, applicationCacheEnabled=false, rotatable=false, networkConnectionEnabled=false, chrome={chromedriverVersion=2.44.609538 (b655c5a60b0b544917107a59d4153d4bf78e1b90), userDataDir=C:\Users\ragunk\AppData\Local\Temp\scoped_dir7212_14981}, takesHeapSnapshot=true, pageLoadStrategy=normal, databaseEnabled=false, handlesAlerts=true, version=70.0.3538.110, browserConnectionEnabled=false, nativeEvents=true, locationContextEnabled=true, cssSelectorsEnabled=true}]
Session ID: 60701cc4ff3960539373d93c3021cea5">
      <![CDATA[org.openqa.selenium.WebDriverException: unknown error: Element <img src="/-/media/media/common framework media/logos/winndixie_logo.png?la=en&amp;mw=1382" alt="Winn-Dixie logo" width="260" height="39"> is not clickable at point (213, 49). Other element would receive the click: <div class="SEGHardLoginModal modal in" tabindex="-1" id="SEGHardLoginModal" data-backdrop="true" role="dialog" aria-described="Login form" style="display: block;">...</div>
  (Session info: chrome=70.0.3538.110)
  (Driver info: chromedriver=2.44.609538 (b655c5a60b0b544917107a59d4153d4bf78e1b90),platform=Windows NT 10.0.14393 x86_64) (WARNING: The server did not provide any stacktrace information)
Command duration or timeout: 52 milliseconds
Build info: version: 'unknown', revision: 'unknown', time: 'unknown'
System info: host: 'VDI-HDQ-0027', ip: '10.211.4.91', os.name: 'Windows 8.1', os.arch: 'amd64', os.version: '6.3', java.version: '1.8.0_45'
Driver info: org.openqa.selenium.chrome.ChromeDriver
Capabilities [{mobileEmulationEnabled=false, hasTouchScreen=false, platform=WIN8_1, acceptSslCerts=false, goog:chromeOptions={debuggerAddress=localhost:51346}, acceptInsecureCerts=false, webStorageEnabled=true, browserName=chrome, takesScreenshot=true, javascriptEnabled=true, setWindowRect=true, unexpectedAlertBehaviour=ignore, applicationCacheEnabled=false, rotatable=false, networkConnectionEnabled=false, chrome={chromedriverVersion=2.44.609538 (b655c5a60b0b544917107a59d4153d4bf78e1b90), userDataDir=C:\Users\ragunk\AppData\Local\Temp\scoped_dir7212_14981}, takesHeapSnapshot=true, pageLoadStrategy=normal, databaseEnabled=false, handlesAlerts=true, version=70.0.3538.110, browserConnectionEnabled=false, nativeEvents=true, locationContextEnabled=true, cssSelectorsEnabled=true}]
Session ID: 60701cc4ff3960539373d93c3021cea5
	at org.openqa.selenium.remote.ErrorHandler.createThrowable(ErrorHandler.java:216)
	at org.openqa.selenium.remote.ErrorHandler.throwIfResponseFailed(ErrorHandler.java:168)
	at org.openqa.selenium.remote.RemoteWebDriver.execute(RemoteWebDriver.java:635)
	at org.openqa.selenium.remote.RemoteWebElement.execute(RemoteWebElement.java:274)
	at org.openqa.selenium.remote.RemoteWebElement.click(RemoteWebElement.java:84)
	at org.openqa.selenium.support.pagefactory.internal.LocatingElementHandler.invoke(LocatingElementHandler.java:51)
	at com.sun.proxy.$Proxy5.click(Unknown Source)
	at computedClass.Computed_MyStore.SetStore(Computed_MyStore.java:45)
	at executableClass.Static_Infobar_loggedin_Users.TC003_Staticbar_Hard_login_links_navigation_Account_setting_page(Static_Infobar_loggedin_Users.java:74)
... Removed 32 stack frames]]>
    </failure>
  </testcase> <!-- TC003_Staticbar_Hard_login_links_navigation_Account_setting_page -->
  <testcase name="TC004_Staticbar_links_Softlogin" time="249.469" classname="executableClass.Static_Infobar_loggedin_Users"/>
  <testcase name="TC005_Staticbar_Softlogin_links_navigation_Homepage" time="245.242" classname="executableClass.Static_Infobar_loggedin_Users"/>
</testsuite> <!-- Static_Infobar_loggedin_Users__Chrome -->
